Using pre-set license
Built from '2022.3/staging' branch; Version is '2022.3.44f1 (c3ae09b9f03c) revision 12824073'; Using compiler version '192829333'; Build Type 'Release'
OS: 'Windows 10  (10.0.19045) 64bit Enterprise' Language: 'ko' Physical Memory: 32315 MB
BatchMode: 1, IsHumanControllingUs: 0, StartBugReporterOnCrash: 0, Is64bit: 1, IsPro: 1

COMMAND LINE ARGUMENTS:
C:\Program Files\Unity\Hub\Editor\2022.3.44f1\Editor\Unity.exe
-adb2
-batchMode
-noUpm
-name
AssetImportWorker8
-projectPath
C:/Users/SSAFY/Desktop/S11P21E101/unity/Heroin
-logFile
Logs/AssetImportWorker8.log
-srvPort
57513
Successfully changed project path to: C:/Users/SSAFY/Desktop/S11P21E101/unity/Heroin
C:/Users/SSAFY/Desktop/S11P21E101/unity/Heroin
[UnityMemory] Configuration Parameters - Can be set up in boot.config
    "memorysetup-bucket-allocator-granularity=16"
    "memorysetup-bucket-allocator-bucket-count=8"
    "memorysetup-bucket-allocator-block-size=33554432"
    "memorysetup-bucket-allocator-block-count=8"
    "memorysetup-main-allocator-block-size=16777216"
    "memorysetup-thread-allocator-block-size=16777216"
    "memorysetup-gfx-main-allocator-block-size=16777216"
    "memorysetup-gfx-thread-allocator-block-size=16777216"
    "memorysetup-cache-allocator-block-size=4194304"
    "memorysetup-typetree-allocator-block-size=2097152"
    "memorysetup-profiler-bucket-allocator-granularity=16"
    "memorysetup-profiler-bucket-allocator-bucket-count=8"
    "memorysetup-profiler-bucket-allocator-block-size=33554432"
    "memorysetup-profiler-bucket-allocator-block-count=8"
    "memorysetup-profiler-allocator-block-size=16777216"
    "memorysetup-profiler-editor-allocator-block-size=1048576"
    "memorysetup-temp-allocator-size-main=16777216"
    "memorysetup-job-temp-allocator-block-size=2097152"
    "memorysetup-job-temp-allocator-block-size-background=1048576"
    "memorysetup-job-temp-allocator-reduction-small-platforms=262144"
    "memorysetup-allocator-temp-initial-block-size-main=262144"
    "memorysetup-allocator-temp-initial-block-size-worker=262144"
    "memorysetup-temp-allocator-size-background-worker=32768"
    "memorysetup-temp-allocator-size-job-worker=262144"
    "memorysetup-temp-allocator-size-preload-manager=33554432"
    "memorysetup-temp-allocator-size-nav-mesh-worker=65536"
    "memorysetup-temp-allocator-size-audio-worker=65536"
    "memorysetup-temp-allocator-size-cloud-worker=32768"
    "memorysetup-temp-allocator-size-gi-baking-worker=262144"
    "memorysetup-temp-allocator-size-gfx=262144"
Player connection [8684]  Target information:

Player connection [8684]  * "[IP] 192.168.30.183 [Port] 0 [Flags] 2 [Guid] 1615936618 [EditorId] 1615936618 [Version] 1048832 [Id] WindowsEditor(7,DESKTOP-MMCQPV1) [Debug] 1 [PackageName] WindowsEditor [ProjectName] Editor" 

Player connection [8684] Host joined multi-casting on [225.0.0.222:54997]...
Player connection [8684] Host joined alternative multi-casting on [225.0.0.222:34997]...
[PhysX] Initialized MultithreadedTaskDispatcher with 20 workers.
Refreshing native plugins compatible for Editor in 24.69 ms, found 3 plugins.
Preloading 0 native plugins for Editor in 0.00 ms.
Initialize engine version: 2022.3.44f1 (c3ae09b9f03c)
[Subsystems] Discovering subsystems at path C:/Program Files/Unity/Hub/Editor/2022.3.44f1/Editor/Data/Resources/UnitySubsystems
[Subsystems] Discovering subsystems at path C:/Users/SSAFY/Desktop/S11P21E101/unity/Heroin/Assets
GfxDevice: creating device client; threaded=0; jobified=0
Direct3D:
    Version:  Direct3D 11.0 [level 11.1]
    Renderer: NVIDIA GeForce RTX 4050 Laptop GPU (ID=0x28a1)
    Vendor:   NVIDIA
    VRAM:     5937 MB
    Driver:   31.0.15.3161
Initialize mono
Mono path[0] = 'C:/Program Files/Unity/Hub/Editor/2022.3.44f1/Editor/Data/Managed'
Mono path[1] = 'C:/Program Files/Unity/Hub/Editor/2022.3.44f1/Editor/Data/MonoBleedingEdge/lib/mono/unityjit-win32'
Mono config path = 'C:/Program Files/Unity/Hub/Editor/2022.3.44f1/Editor/Data/MonoBleedingEdge/etc'
Using monoOptions --debugger-agent=transport=dt_socket,embedding=1,server=y,suspend=n,address=127.0.0.1:56636
Begin MonoManager ReloadAssembly
Registering precompiled unity dll's ...
Register platform support module: C:/Program Files/Unity/Hub/Editor/2022.3.44f1/Editor/Data/PlaybackEngines/WebGLSupport/UnityEditor.WebGL.Extensions.dll
Register platform support module: C:/Program Files/Unity/Hub/Editor/2022.3.44f1/Editor/Data/PlaybackEngines/WindowsStandaloneSupport/UnityEditor.WindowsStandalone.Extensions.dll
Registered in 0.032554 seconds.
- Loaded All Assemblies, in  0.604 seconds
Native extension for WindowsStandalone target not found
Native extension for WebGL target not found
Mono: successfully reloaded assembly
- Finished resetting the current domain, in  0.346 seconds
Domain Reload Profiling: 944ms
	BeginReloadAssembly (188ms)
		ExecutionOrderSort (0ms)
		DisableScriptedObjects (0ms)
		BackupInstance (0ms)
		ReleaseScriptingObjects (0ms)
		CreateAndSetChildDomain (1ms)
	RebuildCommonClasses (50ms)
	RebuildNativeTypeToScriptingClass (14ms)
	initialDomainReloadingComplete (121ms)
	LoadAllAssembliesAndSetupDomain (224ms)
		LoadAssemblies (184ms)
		RebuildTransferFunctionScriptingTraits (0ms)
		AnalyzeDomain (219ms)
			TypeCache.Refresh (217ms)
				TypeCache.ScanAssembly (197ms)
			ScanForSourceGeneratedMonoScriptInfo (0ms)
			ResolveRequiredComponents (1ms)
	FinalizeReload (347ms)
		ReleaseScriptCaches (0ms)
		RebuildScriptCaches (0ms)
		SetupLoadedEditorAssemblies (287ms)
			LogAssemblyErrors (0ms)
			InitializePlatformSupportModulesInManaged (21ms)
			SetLoadedEditorAssemblies (7ms)
			RefreshPlugins (0ms)
			BeforeProcessingInitializeOnLoad (3ms)
			ProcessInitializeOnLoadAttributes (188ms)
			ProcessInitializeOnLoadMethodAttributes (67ms)
			AfterProcessingInitializeOnLoad (0ms)
			EditorAssembliesLoaded (0ms)
		ExecutionOrderSort2 (0ms)
		AwakeInstancesAfterBackupRestoration (0ms)
========================================================================
Worker process is ready to serve import requests
Caller must complete domain reload
Begin MonoManager ReloadAssembly
- Loaded All Assemblies, in  0.856 seconds
Native extension for WindowsStandalone target not found
Native extension for WebGL target not found
Package Manager log level set to [2]
[Package Manager] Server::EnsureServerProcessIsRunning -- launch failed, reason: Unity was launched with the -noUpm command-line argument
[Package Manager] UpmClient::Send -- Unable to send message (not connected to UPM process).
[Package Manager] Cannot connect to Unity Package Manager local server
Mono: successfully reloaded assembly
- Finished resetting the current domain, in  0.693 seconds
Domain Reload Profiling: 1541ms
	BeginReloadAssembly (236ms)
		ExecutionOrderSort (0ms)
		DisableScriptedObjects (7ms)
		BackupInstance (0ms)
		ReleaseScriptingObjects (0ms)
		CreateAndSetChildDomain (29ms)
	RebuildCommonClasses (49ms)
	RebuildNativeTypeToScriptingClass (13ms)
	initialDomainReloadingComplete (69ms)
	LoadAllAssembliesAndSetupDomain (480ms)
		LoadAssemblies (409ms)
		RebuildTransferFunctionScriptingTraits (0ms)
		AnalyzeDomain (225ms)
			TypeCache.Refresh (199ms)
				TypeCache.ScanAssembly (179ms)
			ScanForSourceGeneratedMonoScriptInfo (17ms)
			ResolveRequiredComponents (6ms)
	FinalizeReload (693ms)
		ReleaseScriptCaches (0ms)
		RebuildScriptCaches (0ms)
		SetupLoadedEditorAssemblies (522ms)
			LogAssemblyErrors (0ms)
			InitializePlatformSupportModulesInManaged (11ms)
			SetLoadedEditorAssemblies (5ms)
			RefreshPlugins (0ms)
			BeforeProcessingInitializeOnLoad (76ms)
			ProcessInitializeOnLoadAttributes (384ms)
			ProcessInitializeOnLoadMethodAttributes (27ms)
			AfterProcessingInitializeOnLoad (19ms)
			EditorAssembliesLoaded (0ms)
		ExecutionOrderSort2 (0ms)
		AwakeInstancesAfterBackupRestoration (19ms)
Launched and connected shader compiler UnityShaderCompiler.exe after 0.06 seconds
Refreshing native plugins compatible for Editor in 4.03 ms, found 3 plugins.
Preloading 0 native plugins for Editor in 0.00 ms.
Unloading 3095 Unused Serialized files (Serialized files now loaded: 0)
Unloading 20 unused Assets / (481.5 KB). Loaded Objects now: 3565.
Memory consumption went from 125.4 MB to 125.0 MB.
Total: 2.618200 ms (FindLiveObjects: 0.158900 ms CreateObjectMapping: 0.059700 ms MarkObjects: 2.251300 ms  DeleteObjects: 0.147100 ms)

AssetImportParameters requested are different than current active one (requested -> active):
  custom:container-demuxer-ogg: 62fdf1f143b41e24485cea50d1cbac27 -> 
  custom:video-decoder-ogg-theora: a1e56fd34408186e4bbccfd4996cb3dc -> 
  custom:framework-win-MediaFoundation: 216162199b28c13a410421893ffa2e32 -> 
  custom:CustomObjectIndexerAttribute: 9a22284fe3817be447336de3de66b15e -> 
  custom:container-demuxer-webm: 4f35f7cbe854078d1ac9338744f61a02 -> 
  custom:container-muxer-webm: aa71ff27fc2769a1b78a27578f13a17b -> 
  custom:video-decoder-webm-vp8: 9c59270c3fd7afecdb556c50c9e8de78 -> 
  custom:SearchIndexIgnoredProperties: e643bd26f0fe6173181afceb89e7c659 -> 
  custom:AudioImporter_EditorPlatform: d09bf68614088b80899f8185d706f6e7 -> 
  custom:video-encoder-webm-vp8: eb34c28f22e8b96e1ab97ce403110664 -> 
  custom:audio-decoder-ogg-vorbis: bf7c407c2cedff20999df2af8eb42d56 -> 
  custom:audio-encoder-webm-vorbis: bf7c407c2cedff20999df2af8eb42d56 -> 
========================================================================
Received Import Request.
  Time since last request: 21937.653421 seconds.
  path: Assets/Imported Assets/TurtleShip-BuiltInRP/Prefabs/ArchWall_A.prefab
  artifactKey: Guid(2e2698f42da117b4a8c74d419736b410) Importer(815301076,1909f56bfc062723c751e8b465ee728b)
Start importing Assets/Imported Assets/TurtleShip-BuiltInRP/Prefabs/ArchWall_A.prefab using Guid(2e2698f42da117b4a8c74d419736b410) Importer(815301076,1909f56bfc062723c751e8b465ee728b) [PhysX] Initialized MultithreadedTaskDispatcher with 20 workers.
[PhysX] Initialized MultithreadedTaskDispatcher with 20 workers.
 -> (artifact id: '14b71b768ecd18ad28854c7e1db15572') in 0.160089 seconds
Number of updated asset objects reloaded before import = 0
Number of asset objects unloaded after import = 11
========================================================================
Received Import Request.
  Time since last request: 0.000029 seconds.
  path: Assets/Imported Assets/TurtleShip-BuiltInRP/Prefabs/CeilingFrame_C.prefab
  artifactKey: Guid(42d80b2166b48df48a0e8c3c55c235b4) Importer(815301076,1909f56bfc062723c751e8b465ee728b)
Start importing Assets/Imported Assets/TurtleShip-BuiltInRP/Prefabs/CeilingFrame_C.prefab using Guid(42d80b2166b48df48a0e8c3c55c235b4) Importer(815301076,1909f56bfc062723c751e8b465ee728b) [PhysX] Initialized MultithreadedTaskDispatcher with 20 workers.
[PhysX] Initialized MultithreadedTaskDispatcher with 20 workers.
 -> (artifact id: '842b7ab7443db68d2b5a57ad37ac76b1') in 0.221732 seconds
Number of updated asset objects reloaded before import = 0
Number of asset objects unloaded after import = 11
========================================================================
Received Import Request.
  Time since last request: 0.000023 seconds.
  path: Assets/Imported Assets/TurtleShip-BuiltInRP/Prefabs/Dancheong Frame_B.prefab
  artifactKey: Guid(11d448526197d344e90d6540cada8900) Importer(815301076,1909f56bfc062723c751e8b465ee728b)
Start importing Assets/Imported Assets/TurtleShip-BuiltInRP/Prefabs/Dancheong Frame_B.prefab using Guid(11d448526197d344e90d6540cada8900) Importer(815301076,1909f56bfc062723c751e8b465ee728b) [PhysX] Initialized MultithreadedTaskDispatcher with 20 workers.
[PhysX] Initialized MultithreadedTaskDispatcher with 20 workers.
 -> (artifact id: '0fd3c85405ecbd49c7988d968dc30bd2') in 0.011654 seconds
Number of updated asset objects reloaded before import = 0
Number of asset objects unloaded after import = 11
========================================================================
Received Import Request.
  Time since last request: 0.000023 seconds.
  path: Assets/Imported Assets/TurtleShip-BuiltInRP/Prefabs/ArchWoodFrame_B.prefab
  artifactKey: Guid(abd3771fdc4427c4b8ced8fc29f457e0) Importer(815301076,1909f56bfc062723c751e8b465ee728b)
Start importing Assets/Imported Assets/TurtleShip-BuiltInRP/Prefabs/ArchWoodFrame_B.prefab using Guid(abd3771fdc4427c4b8ced8fc29f457e0) Importer(815301076,1909f56bfc062723c751e8b465ee728b) [PhysX] Initialized MultithreadedTaskDispatcher with 20 workers.
[PhysX] Initialized MultithreadedTaskDispatcher with 20 workers.
 -> (artifact id: 'dedb0d3f7627edf32802d9ba4e1a2805') in 0.013607 seconds
Number of updated asset objects reloaded before import = 0
Number of asset objects unloaded after import = 11
========================================================================
Received Import Request.
  Time since last request: 0.000019 seconds.
  path: Assets/Imported Assets/TurtleShip-BuiltInRP/Prefabs/CeilingFrame_F.prefab
  artifactKey: Guid(38ac09d6e6e8222498621d6b0b85fc35) Importer(815301076,1909f56bfc062723c751e8b465ee728b)
Start importing Assets/Imported Assets/TurtleShip-BuiltInRP/Prefabs/CeilingFrame_F.prefab using Guid(38ac09d6e6e8222498621d6b0b85fc35) Importer(815301076,1909f56bfc062723c751e8b465ee728b) [PhysX] Initialized MultithreadedTaskDispatcher with 20 workers.
[PhysX] Initialized MultithreadedTaskDispatcher with 20 workers.
 -> (artifact id: '9c9edff260d856460eac66c1d45efb1e') in 0.013922 seconds
Number of updated asset objects reloaded before import = 0
Number of asset objects unloaded after import = 11
========================================================================
Received Import Request.
  Time since last request: 0.000032 seconds.
  path: Assets/Imported Assets/TurtleShip-BuiltInRP/Prefabs/Brazier_B.prefab
  artifactKey: Guid(c81a8fe6a33bee547839b7537529d1c3) Importer(815301076,1909f56bfc062723c751e8b465ee728b)
Start importing Assets/Imported Assets/TurtleShip-BuiltInRP/Prefabs/Brazier_B.prefab using Guid(c81a8fe6a33bee547839b7537529d1c3) Importer(815301076,1909f56bfc062723c751e8b465ee728b) [PhysX] Initialized MultithreadedTaskDispatcher with 20 workers.
[PhysX] Initialized MultithreadedTaskDispatcher with 20 workers.
 -> (artifact id: '6a210f3d34e36c4f161aca1d9279e752') in 0.014730 seconds
Number of updated asset objects reloaded before import = 0
Number of asset objects unloaded after import = 11
========================================================================
Received Import Request.
  Time since last request: 0.000020 seconds.
  path: Assets/Imported Assets/TurtleShip-BuiltInRP/Prefabs/Door_A.prefab
  artifactKey: Guid(54cc2625ae62d8d489ec1fa5bbfe51e6) Importer(815301076,1909f56bfc062723c751e8b465ee728b)
Start importing Assets/Imported Assets/TurtleShip-BuiltInRP/Prefabs/Door_A.prefab using Guid(54cc2625ae62d8d489ec1fa5bbfe51e6) Importer(815301076,1909f56bfc062723c751e8b465ee728b) [PhysX] Initialized MultithreadedTaskDispatcher with 20 workers.
[PhysX] Initialized MultithreadedTaskDispatcher with 20 workers.
 -> (artifact id: '6f5118ada866df27f4faf049bdafd010') in 0.014016 seconds
Number of updated asset objects reloaded before import = 0
Number of asset objects unloaded after import = 12
========================================================================
Received Import Request.
  Time since last request: 0.000023 seconds.
  path: Assets/Imported Assets/TurtleShip-BuiltInRP/Prefabs/Drum_A.prefab
  artifactKey: Guid(ea40aff6da2209e4c8caf2981196768d) Importer(815301076,1909f56bfc062723c751e8b465ee728b)
Start importing Assets/Imported Assets/TurtleShip-BuiltInRP/Prefabs/Drum_A.prefab using Guid(ea40aff6da2209e4c8caf2981196768d) Importer(815301076,1909f56bfc062723c751e8b465ee728b) [PhysX] Initialized MultithreadedTaskDispatcher with 20 workers.
[PhysX] Initialized MultithreadedTaskDispatcher with 20 workers.
 -> (artifact id: 'd3b0b47ba78d3a90fdf79a286c5558b4') in 0.030140 seconds
Number of updated asset objects reloaded before import = 0
Number of asset objects unloaded after import = 11
========================================================================
Received Import Request.
  Time since last request: 0.000018 seconds.
  path: Assets/Imported Assets/TurtleShip-BuiltInRP/Prefabs/Cannonball_A.prefab
  artifactKey: Guid(852ef5df1df39464ba58932c71b72735) Importer(815301076,1909f56bfc062723c751e8b465ee728b)
Start importing Assets/Imported Assets/TurtleShip-BuiltInRP/Prefabs/Cannonball_A.prefab using Guid(852ef5df1df39464ba58932c71b72735) Importer(815301076,1909f56bfc062723c751e8b465ee728b) [PhysX] Initialized MultithreadedTaskDispatcher with 20 workers.
[PhysX] Initialized MultithreadedTaskDispatcher with 20 workers.
 -> (artifact id: 'da4b25145fb0dd5dfa6b5f5546eff817') in 0.012865 seconds
Number of updated asset objects reloaded before import = 0
Number of asset objects unloaded after import = 11
========================================================================
Received Import Request.
  Time since last request: 0.000024 seconds.
  path: Assets/Imported Assets/TurtleShip-BuiltInRP/Prefabs/CeilingFrame_E.prefab
  artifactKey: Guid(fce11ad48c9bdc24fb3e986c58f4ad0d) Importer(815301076,1909f56bfc062723c751e8b465ee728b)
Start importing Assets/Imported Assets/TurtleShip-BuiltInRP/Prefabs/CeilingFrame_E.prefab using Guid(fce11ad48c9bdc24fb3e986c58f4ad0d) Importer(815301076,1909f56bfc062723c751e8b465ee728b) [PhysX] Initialized MultithreadedTaskDispatcher with 20 workers.
[PhysX] Initialized MultithreadedTaskDispatcher with 20 workers.
 -> (artifact id: '01d2bfed6cb7c31e7069b57f459cea76') in 0.013775 seconds
Number of updated asset objects reloaded before import = 0
Number of asset objects unloaded after import = 11
========================================================================
Received Import Request.
  Time since last request: 0.000022 seconds.
  path: Assets/Imported Assets/TurtleShip-BuiltInRP/Prefabs/Flag_B.prefab
  artifactKey: Guid(4adeb74d79fce4e46994c282825e9a18) Importer(815301076,1909f56bfc062723c751e8b465ee728b)
Start importing Assets/Imported Assets/TurtleShip-BuiltInRP/Prefabs/Flag_B.prefab using Guid(4adeb74d79fce4e46994c282825e9a18) Importer(815301076,1909f56bfc062723c751e8b465ee728b) [PhysX] Initialized MultithreadedTaskDispatcher with 20 workers.
[PhysX] Initialized MultithreadedTaskDispatcher with 20 workers.
 -> (artifact id: '66ab8cbea85d50d90cd431ac94335de5') in 0.012776 seconds
Number of updated asset objects reloaded before import = 0
Number of asset objects unloaded after import = 11
========================================================================
Received Import Request.
  Time since last request: 0.000023 seconds.
  path: Assets/Imported Assets/TurtleShip-BuiltInRP/Prefabs/CeilingFrame_A.prefab
  artifactKey: Guid(d7017b018e1b1684689c0433eb85533e) Importer(815301076,1909f56bfc062723c751e8b465ee728b)
Start importing Assets/Imported Assets/TurtleShip-BuiltInRP/Prefabs/CeilingFrame_A.prefab using Guid(d7017b018e1b1684689c0433eb85533e) Importer(815301076,1909f56bfc062723c751e8b465ee728b) [PhysX] Initialized MultithreadedTaskDispatcher with 20 workers.
[PhysX] Initialized MultithreadedTaskDispatcher with 20 workers.
 -> (artifact id: 'b8d88d6b667a65d1e59d43cb4f4ae536') in 0.013019 seconds
Number of updated asset objects reloaded before import = 0
Number of asset objects unloaded after import = 11
========================================================================
Received Import Request.
  Time since last request: 0.000020 seconds.
  path: Assets/Imported Assets/TurtleShip-BuiltInRP/Prefabs/ArchWall_C.prefab
  artifactKey: Guid(ee311151828913642b07fe4c128fa656) Importer(815301076,1909f56bfc062723c751e8b465ee728b)
Start importing Assets/Imported Assets/TurtleShip-BuiltInRP/Prefabs/ArchWall_C.prefab using Guid(ee311151828913642b07fe4c128fa656) Importer(815301076,1909f56bfc062723c751e8b465ee728b) [PhysX] Initialized MultithreadedTaskDispatcher with 20 workers.
[PhysX] Initialized MultithreadedTaskDispatcher with 20 workers.
 -> (artifact id: '6bbc6feb9897ab1cd8c839a73eb1e9f5') in 0.013861 seconds
Number of updated asset objects reloaded before import = 0
Number of asset objects unloaded after import = 11
========================================================================
Received Import Request.
  Time since last request: 1.010793 seconds.
  path: Assets/Imported Assets/TurtleShip-BuiltInRP/Prefabs/Flower_A.prefab
  artifactKey: Guid(53a0240f34ec9184293e2b2fb82ed44e) Importer(815301076,1909f56bfc062723c751e8b465ee728b)
Start importing Assets/Imported Assets/TurtleShip-BuiltInRP/Prefabs/Flower_A.prefab using Guid(53a0240f34ec9184293e2b2fb82ed44e) Importer(815301076,1909f56bfc062723c751e8b465ee728b) [PhysX] Initialized MultithreadedTaskDispatcher with 20 workers.
[PhysX] Initialized MultithreadedTaskDispatcher with 20 workers.
 -> (artifact id: '7f34bacf62ba2972931c02b0874f78f3') in 0.231415 seconds
Number of updated asset objects reloaded before import = 0
Number of asset objects unloaded after import = 11
========================================================================
Received Import Request.
  Time since last request: 0.000018 seconds.
  path: Assets/Imported Assets/TurtleShip-BuiltInRP/Prefabs/GroundTile_A.prefab
  artifactKey: Guid(2db810dba472bec4eb1cfb26b7bc56b5) Importer(815301076,1909f56bfc062723c751e8b465ee728b)
Start importing Assets/Imported Assets/TurtleShip-BuiltInRP/Prefabs/GroundTile_A.prefab using Guid(2db810dba472bec4eb1cfb26b7bc56b5) Importer(815301076,1909f56bfc062723c751e8b465ee728b) [PhysX] Initialized MultithreadedTaskDispatcher with 20 workers.
[PhysX] Initialized MultithreadedTaskDispatcher with 20 workers.
 -> (artifact id: '25db17c1071fd6e0ce059300613d8914') in 0.010374 seconds
Number of updated asset objects reloaded before import = 0
Number of asset objects unloaded after import = 11
========================================================================
Received Import Request.
  Time since last request: 0.000030 seconds.
  path: Assets/Imported Assets/TurtleShip-BuiltInRP/Prefabs/Frame3F_B.prefab
  artifactKey: Guid(c4c9d31a6adff71468638c31ddfb45e4) Importer(815301076,1909f56bfc062723c751e8b465ee728b)
Start importing Assets/Imported Assets/TurtleShip-BuiltInRP/Prefabs/Frame3F_B.prefab using Guid(c4c9d31a6adff71468638c31ddfb45e4) Importer(815301076,1909f56bfc062723c751e8b465ee728b) [PhysX] Initialized MultithreadedTaskDispatcher with 20 workers.
[PhysX] Initialized MultithreadedTaskDispatcher with 20 workers.
 -> (artifact id: '52922ca264e57754c305d48757cadf52') in 0.010213 seconds
Number of updated asset objects reloaded before import = 0
Number of asset objects unloaded after import = 11
========================================================================
Received Import Request.
  Time since last request: 0.000018 seconds.
  path: Assets/Imported Assets/TurtleShip-BuiltInRP/Prefabs/GroundTile_B.prefab
  artifactKey: Guid(e3b3edeb86f30fe449ba56d349fa4081) Importer(815301076,1909f56bfc062723c751e8b465ee728b)
Start importing Assets/Imported Assets/TurtleShip-BuiltInRP/Prefabs/GroundTile_B.prefab using Guid(e3b3edeb86f30fe449ba56d349fa4081) Importer(815301076,1909f56bfc062723c751e8b465ee728b) [PhysX] Initialized MultithreadedTaskDispatcher with 20 workers.
[PhysX] Initialized MultithreadedTaskDispatcher with 20 workers.
 -> (artifact id: '497e54bd8e4d4f642c0a7733908be644') in 0.013357 seconds
Number of updated asset objects reloaded before import = 0
Number of asset objects unloaded after import = 13
========================================================================
Received Import Request.
  Time since last request: 0.000017 seconds.
  path: Assets/Imported Assets/TurtleShip-BuiltInRP/Prefabs/GroundTile_C.prefab
  artifactKey: Guid(2503ab34f29fea94195a0021034fbe78) Importer(815301076,1909f56bfc062723c751e8b465ee728b)
Start importing Assets/Imported Assets/TurtleShip-BuiltInRP/Prefabs/GroundTile_C.prefab using Guid(2503ab34f29fea94195a0021034fbe78) Importer(815301076,1909f56bfc062723c751e8b465ee728b) [PhysX] Initialized MultithreadedTaskDispatcher with 20 workers.
[PhysX] Initialized MultithreadedTaskDispatcher with 20 workers.
 -> (artifact id: '9ecf6fb2ff6d94126a477906250e859f') in 0.011658 seconds
Number of updated asset objects reloaded before import = 0
Number of asset objects unloaded after import = 11
========================================================================
Received Import Request.
  Time since last request: 0.000021 seconds.
  path: Assets/Imported Assets/TurtleShip-BuiltInRP/Prefabs/Grass_B.prefab
  artifactKey: Guid(c8f444771708ba542a5b5dabf10a1ced) Importer(815301076,1909f56bfc062723c751e8b465ee728b)
Start importing Assets/Imported Assets/TurtleShip-BuiltInRP/Prefabs/Grass_B.prefab using Guid(c8f444771708ba542a5b5dabf10a1ced) Importer(815301076,1909f56bfc062723c751e8b465ee728b) [PhysX] Initialized MultithreadedTaskDispatcher with 20 workers.
[PhysX] Initialized MultithreadedTaskDispatcher with 20 workers.
 -> (artifact id: '5844a17a0e05a341c1d00a3fb38fbaf4') in 0.182281 seconds
Number of updated asset objects reloaded before import = 0
Number of asset objects unloaded after import = 10
========================================================================
Received Import Request.
  Time since last request: 0.000016 seconds.
  path: Assets/Imported Assets/TurtleShip-BuiltInRP/Prefabs/Hanok Door_A.prefab
  artifactKey: Guid(ec2576c89e8846a40b1ad0919b4ca51b) Importer(815301076,1909f56bfc062723c751e8b465ee728b)
Start importing Assets/Imported Assets/TurtleShip-BuiltInRP/Prefabs/Hanok Door_A.prefab using Guid(ec2576c89e8846a40b1ad0919b4ca51b) Importer(815301076,1909f56bfc062723c751e8b465ee728b) [PhysX] Initialized MultithreadedTaskDispatcher with 20 workers.
[PhysX] Initialized MultithreadedTaskDispatcher with 20 workers.
 -> (artifact id: '68634b3163e3409f3ac9b1c7eb909953') in 0.015116 seconds
Number of updated asset objects reloaded before import = 0
Number of asset objects unloaded after import = 14
========================================================================
Received Import Request.
  Time since last request: 0.000035 seconds.
  path: Assets/Imported Assets/TurtleShip-BuiltInRP/Prefabs/Handrail_A.prefab
  artifactKey: Guid(fcb01a1cf056a8048aba4a08b5029a66) Importer(815301076,1909f56bfc062723c751e8b465ee728b)
Start importing Assets/Imported Assets/TurtleShip-BuiltInRP/Prefabs/Handrail_A.prefab using Guid(fcb01a1cf056a8048aba4a08b5029a66) Importer(815301076,1909f56bfc062723c751e8b465ee728b) [PhysX] Initialized MultithreadedTaskDispatcher with 20 workers.
[PhysX] Initialized MultithreadedTaskDispatcher with 20 workers.
 -> (artifact id: '5344484fda790c613d0c10d280f9510a') in 0.010377 seconds
Number of updated asset objects reloaded before import = 0
Number of asset objects unloaded after import = 11
========================================================================
Received Import Request.
  Time since last request: 0.000017 seconds.
  path: Assets/Imported Assets/TurtleShip-BuiltInRP/Prefabs/Hanok DoorFrame_A.prefab
  artifactKey: Guid(81031d29d1e1328449d68dde234dd4aa) Importer(815301076,1909f56bfc062723c751e8b465ee728b)
Start importing Assets/Imported Assets/TurtleShip-BuiltInRP/Prefabs/Hanok DoorFrame_A.prefab using Guid(81031d29d1e1328449d68dde234dd4aa) Importer(815301076,1909f56bfc062723c751e8b465ee728b) [PhysX] Initialized MultithreadedTaskDispatcher with 20 workers.
[PhysX] Initialized MultithreadedTaskDispatcher with 20 workers.
 -> (artifact id: 'cccfdf673aace6f8060bcf2038bcc6f6') in 0.009539 seconds
Number of updated asset objects reloaded before import = 0
Number of asset objects unloaded after import = 11
========================================================================
Received Import Request.
  Time since last request: 0.000019 seconds.
  path: Assets/Imported Assets/TurtleShip-BuiltInRP/Prefabs/Hanok Pillar_A.prefab
  artifactKey: Guid(5dd7d4e88a93dc849bec4a3a527a5eac) Importer(815301076,1909f56bfc062723c751e8b465ee728b)
Start importing Assets/Imported Assets/TurtleShip-BuiltInRP/Prefabs/Hanok Pillar_A.prefab using Guid(5dd7d4e88a93dc849bec4a3a527a5eac) Importer(815301076,1909f56bfc062723c751e8b465ee728b) [PhysX] Initialized MultithreadedTaskDispatcher with 20 workers.
[PhysX] Initialized MultithreadedTaskDispatcher with 20 workers.
 -> (artifact id: '47b2bcdcd9b51575ea3c4a4be3d5d949') in 0.011927 seconds
Number of updated asset objects reloaded before import = 0
Number of asset objects unloaded after import = 11
========================================================================
Received Import Request.
  Time since last request: 0.000017 seconds.
  path: Assets/Imported Assets/TurtleShip-BuiltInRP/Prefabs/Flower_D.prefab
  artifactKey: Guid(8eca8ca5affa95241a9a0f5b7e70333b) Importer(815301076,1909f56bfc062723c751e8b465ee728b)
Start importing Assets/Imported Assets/TurtleShip-BuiltInRP/Prefabs/Flower_D.prefab using Guid(8eca8ca5affa95241a9a0f5b7e70333b) Importer(815301076,1909f56bfc062723c751e8b465ee728b) [PhysX] Initialized MultithreadedTaskDispatcher with 20 workers.
[PhysX] Initialized MultithreadedTaskDispatcher with 20 workers.
 -> (artifact id: 'ffc14b21be0d33dfb1699e22da31d1bd') in 0.144447 seconds
Number of updated asset objects reloaded before import = 0
Number of asset objects unloaded after import = 10
========================================================================
Received Import Request.
  Time since last request: 0.000017 seconds.
  path: Assets/Imported Assets/TurtleShip-BuiltInRP/Prefabs/Hanok Pillar_B.prefab
  artifactKey: Guid(16f2d3e16c0606e4e8441e9912ca9017) Importer(815301076,1909f56bfc062723c751e8b465ee728b)
Start importing Assets/Imported Assets/TurtleShip-BuiltInRP/Prefabs/Hanok Pillar_B.prefab using Guid(16f2d3e16c0606e4e8441e9912ca9017) Importer(815301076,1909f56bfc062723c751e8b465ee728b) [PhysX] Initialized MultithreadedTaskDispatcher with 20 workers.
[PhysX] Initialized MultithreadedTaskDispatcher with 20 workers.
 -> (artifact id: 'e9ca91bc0ec94994aeb292661956bd1b') in 0.011272 seconds
Number of updated asset objects reloaded before import = 0
Number of asset objects unloaded after import = 14
========================================================================
Received Import Request.
  Time since last request: 0.000023 seconds.
  path: Assets/Imported Assets/TurtleShip-BuiltInRP/Prefabs/InsideWoodFrame_D.prefab
  artifactKey: Guid(7bbb638ea6fefbd4b847e220863d56ca) Importer(815301076,1909f56bfc062723c751e8b465ee728b)
Start importing Assets/Imported Assets/TurtleShip-BuiltInRP/Prefabs/InsideWoodFrame_D.prefab using Guid(7bbb638ea6fefbd4b847e220863d56ca) Importer(815301076,1909f56bfc062723c751e8b465ee728b) [PhysX] Initialized MultithreadedTaskDispatcher with 20 workers.
[PhysX] Initialized MultithreadedTaskDispatcher with 20 workers.
 -> (artifact id: '9b0c0288277ecea5c7cd7da1591fd3ec') in 0.013609 seconds
Number of updated asset objects reloaded before import = 0
Number of asset objects unloaded after import = 12
========================================================================
Received Import Request.
  Time since last request: 0.000027 seconds.
  path: Assets/Imported Assets/TurtleShip-BuiltInRP/Prefabs/Hanok Wall_A.prefab
  artifactKey: Guid(bdc2a663d42f3234286f2f3b6fd7e04d) Importer(815301076,1909f56bfc062723c751e8b465ee728b)
Start importing Assets/Imported Assets/TurtleShip-BuiltInRP/Prefabs/Hanok Wall_A.prefab using Guid(bdc2a663d42f3234286f2f3b6fd7e04d) Importer(815301076,1909f56bfc062723c751e8b465ee728b) [PhysX] Initialized MultithreadedTaskDispatcher with 20 workers.
[PhysX] Initialized MultithreadedTaskDispatcher with 20 workers.
 -> (artifact id: '1c4c0922a59aa82a3405801be3d93965') in 0.019197 seconds
Number of updated asset objects reloaded before import = 0
Number of asset objects unloaded after import = 14
========================================================================
Received Import Request.
  Time since last request: 0.000036 seconds.
  path: Assets/Imported Assets/TurtleShip-BuiltInRP/Prefabs/Oar_A.prefab
  artifactKey: Guid(74235f17826494f4db05edbd74dc2306) Importer(815301076,1909f56bfc062723c751e8b465ee728b)
Start importing Assets/Imported Assets/TurtleShip-BuiltInRP/Prefabs/Oar_A.prefab using Guid(74235f17826494f4db05edbd74dc2306) Importer(815301076,1909f56bfc062723c751e8b465ee728b) [PhysX] Initialized MultithreadedTaskDispatcher with 20 workers.
[PhysX] Initialized MultithreadedTaskDispatcher with 20 workers.
 -> (artifact id: 'b851a9508e582b664b6f6c7462615273') in 0.013132 seconds
Number of updated asset objects reloaded before import = 0
Number of asset objects unloaded after import = 11
========================================================================
Received Import Request.
  Time since last request: 0.000022 seconds.
  path: Assets/Imported Assets/TurtleShip-BuiltInRP/Prefabs/InsideStair_B.prefab
  artifactKey: Guid(f53376cbfad06914b80afbb78080f599) Importer(815301076,1909f56bfc062723c751e8b465ee728b)
Start importing Assets/Imported Assets/TurtleShip-BuiltInRP/Prefabs/InsideStair_B.prefab using Guid(f53376cbfad06914b80afbb78080f599) Importer(815301076,1909f56bfc062723c751e8b465ee728b) [PhysX] Initialized MultithreadedTaskDispatcher with 20 workers.
[PhysX] Initialized MultithreadedTaskDispatcher with 20 workers.
 -> (artifact id: '1d027cab76d17e2f7e744a706306b037') in 0.013416 seconds
Number of updated asset objects reloaded before import = 0
Number of asset objects unloaded after import = 12
========================================================================
Received Import Request.
  Time since last request: 0.000022 seconds.
  path: Assets/Imported Assets/TurtleShip-BuiltInRP/Prefabs/InsideWoodFrame_C.prefab
  artifactKey: Guid(3213204e1a2140a4aae4c5a37a639a09) Importer(815301076,1909f56bfc062723c751e8b465ee728b)
Start importing Assets/Imported Assets/TurtleShip-BuiltInRP/Prefabs/InsideWoodFrame_C.prefab using Guid(3213204e1a2140a4aae4c5a37a639a09) Importer(815301076,1909f56bfc062723c751e8b465ee728b) [PhysX] Initialized MultithreadedTaskDispatcher with 20 workers.
[PhysX] Initialized MultithreadedTaskDispatcher with 20 workers.
 -> (artifact id: '1f96718eeaa6a04eef3a030f4c9d929c') in 0.012392 seconds
Number of updated asset objects reloaded before import = 0
Number of asset objects unloaded after import = 11
========================================================================
Received Import Request.
  Time since last request: 0.000022 seconds.
  path: Assets/Imported Assets/TurtleShip-BuiltInRP/Prefabs/InsideWoodPillar_A.prefab
  artifactKey: Guid(c8b5228fee2d9ee4c95241d4c7f743bb) Importer(815301076,1909f56bfc062723c751e8b465ee728b)
Start importing Assets/Imported Assets/TurtleShip-BuiltInRP/Prefabs/InsideWoodPillar_A.prefab using Guid(c8b5228fee2d9ee4c95241d4c7f743bb) Importer(815301076,1909f56bfc062723c751e8b465ee728b) [PhysX] Initialized MultithreadedTaskDispatcher with 20 workers.
[PhysX] Initialized MultithreadedTaskDispatcher with 20 workers.
 -> (artifact id: 'dca1677d843ca8e848ecd76c70523199') in 0.013012 seconds
Number of updated asset objects reloaded before import = 0
Number of asset objects unloaded after import = 11
========================================================================
Received Import Request.
  Time since last request: 0.000021 seconds.
  path: Assets/Imported Assets/TurtleShip-BuiltInRP/Prefabs/Hanok Pillar_D.prefab
  artifactKey: Guid(6e4cdb471c1b33845abafb65e582796d) Importer(815301076,1909f56bfc062723c751e8b465ee728b)
Start importing Assets/Imported Assets/TurtleShip-BuiltInRP/Prefabs/Hanok Pillar_D.prefab using Guid(6e4cdb471c1b33845abafb65e582796d) Importer(815301076,1909f56bfc062723c751e8b465ee728b) [PhysX] Initialized MultithreadedTaskDispatcher with 20 workers.
[PhysX] Initialized MultithreadedTaskDispatcher with 20 workers.
 -> (artifact id: 'df60d2a66475530254ab263d44a99d9e') in 0.014391 seconds
Number of updated asset objects reloaded before import = 0
Number of asset objects unloaded after import = 14
========================================================================
Received Import Request.
  Time since last request: 0.000032 seconds.
  path: Assets/Imported Assets/TurtleShip-BuiltInRP/Prefabs/Hanok Wall_C.prefab
  artifactKey: Guid(f04c01e35c8e60141b26046192f4abd5) Importer(815301076,1909f56bfc062723c751e8b465ee728b)
Start importing Assets/Imported Assets/TurtleShip-BuiltInRP/Prefabs/Hanok Wall_C.prefab using Guid(f04c01e35c8e60141b26046192f4abd5) Importer(815301076,1909f56bfc062723c751e8b465ee728b) [PhysX] Initialized MultithreadedTaskDispatcher with 20 workers.
[PhysX] Initialized MultithreadedTaskDispatcher with 20 workers.
 -> (artifact id: '853e9a06963995a59708edc5131a19fc') in 0.019287 seconds
Number of updated asset objects reloaded before import = 0
Number of asset objects unloaded after import = 14
========================================================================
Received Import Request.
  Time since last request: 0.000029 seconds.
  path: Assets/Imported Assets/TurtleShip-BuiltInRP/Prefabs/Frame3F_A.prefab
  artifactKey: Guid(29d0e5705497a134f9c5e3724c4ddfdd) Importer(815301076,1909f56bfc062723c751e8b465ee728b)
Start importing Assets/Imported Assets/TurtleShip-BuiltInRP/Prefabs/Frame3F_A.prefab using Guid(29d0e5705497a134f9c5e3724c4ddfdd) Importer(815301076,1909f56bfc062723c751e8b465ee728b) [PhysX] Initialized MultithreadedTaskDispatcher with 20 workers.
[PhysX] Initialized MultithreadedTaskDispatcher with 20 workers.
 -> (artifact id: '878dede005248109e2e2a21bd54c4c74') in 0.013251 seconds
Number of updated asset objects reloaded before import = 0
Number of asset objects unloaded after import = 11
========================================================================
Received Import Request.
  Time since last request: 0.000022 seconds.
  path: Assets/Imported Assets/TurtleShip-BuiltInRP/Prefabs/InsideStair_A.prefab
  artifactKey: Guid(79661977d9e4c2b4098eeca4ade62234) Importer(815301076,1909f56bfc062723c751e8b465ee728b)
Start importing Assets/Imported Assets/TurtleShip-BuiltInRP/Prefabs/InsideStair_A.prefab using Guid(79661977d9e4c2b4098eeca4ade62234) Importer(815301076,1909f56bfc062723c751e8b465ee728b) [PhysX] Initialized MultithreadedTaskDispatcher with 20 workers.
[PhysX] Initialized MultithreadedTaskDispatcher with 20 workers.
 -> (artifact id: '3cbd3e1f4ed0690b3422fba8197979f3') in 0.012902 seconds
Number of updated asset objects reloaded before import = 0
Number of asset objects unloaded after import = 12
========================================================================
Received Import Request.
  Time since last request: 0.000021 seconds.
  path: Assets/Imported Assets/TurtleShip-BuiltInRP/Prefabs/Hanok Pillar_C.prefab
  artifactKey: Guid(08e6cf94b85ed6e49a8714611a1cdacc) Importer(815301076,1909f56bfc062723c751e8b465ee728b)
Start importing Assets/Imported Assets/TurtleShip-BuiltInRP/Prefabs/Hanok Pillar_C.prefab using Guid(08e6cf94b85ed6e49a8714611a1cdacc) Importer(815301076,1909f56bfc062723c751e8b465ee728b) [PhysX] Initialized MultithreadedTaskDispatcher with 20 workers.
[PhysX] Initialized MultithreadedTaskDispatcher with 20 workers.
 -> (artifact id: 'bac8268bf3bf3c65b1917f79d8a12043') in 0.014594 seconds
Number of updated asset objects reloaded before import = 0
Number of asset objects unloaded after import = 14
========================================================================
Received Import Request.
  Time since last request: 0.000022 seconds.
  path: Assets/Imported Assets/TurtleShip-BuiltInRP/Prefabs/Grass_A.prefab
  artifactKey: Guid(f7ab06ff443eecd44b51b85d2ebb4c16) Importer(815301076,1909f56bfc062723c751e8b465ee728b)
Start importing Assets/Imported Assets/TurtleShip-BuiltInRP/Prefabs/Grass_A.prefab using Guid(f7ab06ff443eecd44b51b85d2ebb4c16) Importer(815301076,1909f56bfc062723c751e8b465ee728b) [PhysX] Initialized MultithreadedTaskDispatcher with 20 workers.
[PhysX] Initialized MultithreadedTaskDispatcher with 20 workers.
 -> (artifact id: 'd082733c47bd32205e4a4446311656ba') in 0.011846 seconds
Number of updated asset objects reloaded before import = 0
Number of asset objects unloaded after import = 10
========================================================================
Received Import Request.
  Time since last request: 0.487136 seconds.
  path: Assets/Imported Assets/TurtleShip-BuiltInRP/Prefabs/Sail_A.prefab
  artifactKey: Guid(2ee212e3a0be67d4dada8c970c688798) Importer(815301076,1909f56bfc062723c751e8b465ee728b)
Start importing Assets/Imported Assets/TurtleShip-BuiltInRP/Prefabs/Sail_A.prefab using Guid(2ee212e3a0be67d4dada8c970c688798) Importer(815301076,1909f56bfc062723c751e8b465ee728b) [PhysX] Initialized MultithreadedTaskDispatcher with 20 workers.
[PhysX] Initialized MultithreadedTaskDispatcher with 20 workers.
 -> (artifact id: 'ee2f96f0e2263a3ac31e4679853662a7') in 0.020262 seconds
Number of updated asset objects reloaded before import = 0
Number of asset objects unloaded after import = 16
========================================================================
Received Import Request.
  Time since last request: 0.000019 seconds.
  path: Assets/Imported Assets/TurtleShip-BuiltInRP/Prefabs/ShipArmor_A.prefab
  artifactKey: Guid(c25dd888bc0500d40bdeb28b049d4ed8) Importer(815301076,1909f56bfc062723c751e8b465ee728b)
Start importing Assets/Imported Assets/TurtleShip-BuiltInRP/Prefabs/ShipArmor_A.prefab using Guid(c25dd888bc0500d40bdeb28b049d4ed8) Importer(815301076,1909f56bfc062723c751e8b465ee728b) [PhysX] Initialized MultithreadedTaskDispatcher with 20 workers.
[PhysX] Initialized MultithreadedTaskDispatcher with 20 workers.
 -> (artifact id: '09f9e3dc99b1f9f4f9e628a3811e485a') in 0.012417 seconds
Number of updated asset objects reloaded before import = 0
Number of asset objects unloaded after import = 11
========================================================================
Received Import Request.
  Time since last request: 0.000020 seconds.
  path: Assets/Imported Assets/TurtleShip-BuiltInRP/Prefabs/Spear_B.prefab
  artifactKey: Guid(bc957fe6bc1ad2549b530747ced9f46d) Importer(815301076,1909f56bfc062723c751e8b465ee728b)
Start importing Assets/Imported Assets/TurtleShip-BuiltInRP/Prefabs/Spear_B.prefab using Guid(bc957fe6bc1ad2549b530747ced9f46d) Importer(815301076,1909f56bfc062723c751e8b465ee728b) [PhysX] Initialized MultithreadedTaskDispatcher with 20 workers.
[PhysX] Initialized MultithreadedTaskDispatcher with 20 workers.
 -> (artifact id: '7c6168d8f8dc63646cdd3922fbdb75b5') in 0.012777 seconds
Number of updated asset objects reloaded before import = 0
Number of asset objects unloaded after import = 11
========================================================================
Received Import Request.
  Time since last request: 0.000019 seconds.
  path: Assets/Imported Assets/TurtleShip-BuiltInRP/Prefabs/ShipCeiling_C.prefab
  artifactKey: Guid(039cf80c20c327a47a3d3755c833e126) Importer(815301076,1909f56bfc062723c751e8b465ee728b)
Start importing Assets/Imported Assets/TurtleShip-BuiltInRP/Prefabs/ShipCeiling_C.prefab using Guid(039cf80c20c327a47a3d3755c833e126) Importer(815301076,1909f56bfc062723c751e8b465ee728b) [PhysX] Initialized MultithreadedTaskDispatcher with 20 workers.
[PhysX] Initialized MultithreadedTaskDispatcher with 20 workers.
 -> (artifact id: '40fb6c2844daea3bddd3cebb7e46c5aa') in 0.012379 seconds
Number of updated asset objects reloaded before import = 0
Number of asset objects unloaded after import = 11
========================================================================
Received Import Request.
  Time since last request: 0.000022 seconds.
  path: Assets/Imported Assets/TurtleShip-BuiltInRP/Prefabs/ShipArmor_B.prefab
  artifactKey: Guid(e0ff790a63df5a142a7403eb0147599e) Importer(815301076,1909f56bfc062723c751e8b465ee728b)
Start importing Assets/Imported Assets/TurtleShip-BuiltInRP/Prefabs/ShipArmor_B.prefab using Guid(e0ff790a63df5a142a7403eb0147599e) Importer(815301076,1909f56bfc062723c751e8b465ee728b) [PhysX] Initialized MultithreadedTaskDispatcher with 20 workers.
[PhysX] Initialized MultithreadedTaskDispatcher with 20 workers.
 -> (artifact id: '5910be6d2238b8b300d9a09eff1ce906') in 0.014297 seconds
Number of updated asset objects reloaded before import = 0
Number of asset objects unloaded after import = 11
========================================================================
Received Import Request.
  Time since last request: 0.000021 seconds.
  path: Assets/Imported Assets/TurtleShip-BuiltInRP/Prefabs/StairRailing_A.prefab
  artifactKey: Guid(43065a6cd9efa774a8e73643286e19fd) Importer(815301076,1909f56bfc062723c751e8b465ee728b)
Start importing Assets/Imported Assets/TurtleShip-BuiltInRP/Prefabs/StairRailing_A.prefab using Guid(43065a6cd9efa774a8e73643286e19fd) Importer(815301076,1909f56bfc062723c751e8b465ee728b) [PhysX] Initialized MultithreadedTaskDispatcher with 20 workers.
[PhysX] Initialized MultithreadedTaskDispatcher with 20 workers.
 -> (artifact id: 'cacf8c192f3a597c3358fcafabf32720') in 0.013925 seconds
Number of updated asset objects reloaded before import = 0
Number of asset objects unloaded after import = 12
========================================================================
Received Import Request.
  Time since last request: 0.000022 seconds.
  path: Assets/Imported Assets/TurtleShip-BuiltInRP/Prefabs/StonePillar_A.prefab
  artifactKey: Guid(d9b99948717dca645bb5a8538be398a9) Importer(815301076,1909f56bfc062723c751e8b465ee728b)
Start importing Assets/Imported Assets/TurtleShip-BuiltInRP/Prefabs/StonePillar_A.prefab using Guid(d9b99948717dca645bb5a8538be398a9) Importer(815301076,1909f56bfc062723c751e8b465ee728b) [PhysX] Initialized MultithreadedTaskDispatcher with 20 workers.
[PhysX] Initialized MultithreadedTaskDispatcher with 20 workers.
 -> (artifact id: '410c042280edc334812600d950622870') in 0.013885 seconds
Number of updated asset objects reloaded before import = 0
Number of asset objects unloaded after import = 11
========================================================================
Received Import Request.
  Time since last request: 0.000021 seconds.
  path: Assets/Imported Assets/TurtleShip-BuiltInRP/Prefabs/ShipCeiling_B.prefab
  artifactKey: Guid(e69e8aa924f327f4bb6d962e47a6f946) Importer(815301076,1909f56bfc062723c751e8b465ee728b)
Start importing Assets/Imported Assets/TurtleShip-BuiltInRP/Prefabs/ShipCeiling_B.prefab using Guid(e69e8aa924f327f4bb6d962e47a6f946) Importer(815301076,1909f56bfc062723c751e8b465ee728b) [PhysX] Initialized MultithreadedTaskDispatcher with 20 workers.
[PhysX] Initialized MultithreadedTaskDispatcher with 20 workers.
 -> (artifact id: '634ba1d1902d42311d0e27b704b9ef80') in 0.013236 seconds
Number of updated asset objects reloaded before import = 0
Number of asset objects unloaded after import = 11
========================================================================
Received Import Request.
  Time since last request: 0.000024 seconds.
  path: Assets/Imported Assets/TurtleShip-BuiltInRP/Prefabs/SpearHolder_A.prefab
  artifactKey: Guid(26c533a9d6e02c842a02156f8b55843b) Importer(815301076,1909f56bfc062723c751e8b465ee728b)
Start importing Assets/Imported Assets/TurtleShip-BuiltInRP/Prefabs/SpearHolder_A.prefab using Guid(26c533a9d6e02c842a02156f8b55843b) Importer(815301076,1909f56bfc062723c751e8b465ee728b) [PhysX] Initialized MultithreadedTaskDispatcher with 20 workers.
[PhysX] Initialized MultithreadedTaskDispatcher with 20 workers.
 -> (artifact id: '1d875bca928ea66f5ea2b81f4d5ebed6') in 0.013363 seconds
Number of updated asset objects reloaded before import = 0
Number of asset objects unloaded after import = 11
========================================================================
Received Import Request.
  Time since last request: 0.469844 seconds.
  path: Assets/Imported Assets/TurtleShip-BuiltInRP/Prefabs/Tree_B.prefab
  artifactKey: Guid(8fd789fef63d24047b82aedc8dc343b8) Importer(815301076,1909f56bfc062723c751e8b465ee728b)
Start importing Assets/Imported Assets/TurtleShip-BuiltInRP/Prefabs/Tree_B.prefab using Guid(8fd789fef63d24047b82aedc8dc343b8) Importer(815301076,1909f56bfc062723c751e8b465ee728b) [PhysX] Initialized MultithreadedTaskDispatcher with 20 workers.
[PhysX] Initialized MultithreadedTaskDispatcher with 20 workers.
 -> (artifact id: '63509716d87631023c78ab9e319d8e67') in 0.019331 seconds
Number of updated asset objects reloaded before import = 0
Number of asset objects unloaded after import = 12
========================================================================
Received Import Request.
  Time since last request: 0.000023 seconds.
  path: Assets/Imported Assets/TurtleShip-BuiltInRP/Prefabs/WoodenHarbor_Floor_A.prefab
  artifactKey: Guid(f11bd84547dba9348b7cfc0179c0644d) Importer(815301076,1909f56bfc062723c751e8b465ee728b)
Start importing Assets/Imported Assets/TurtleShip-BuiltInRP/Prefabs/WoodenHarbor_Floor_A.prefab using Guid(f11bd84547dba9348b7cfc0179c0644d) Importer(815301076,1909f56bfc062723c751e8b465ee728b) [PhysX] Initialized MultithreadedTaskDispatcher with 20 workers.
[PhysX] Initialized MultithreadedTaskDispatcher with 20 workers.
 -> (artifact id: '76d71aebb6f5cae6a942192abb60e835') in 0.013309 seconds
Number of updated asset objects reloaded before import = 0
Number of asset objects unloaded after import = 11
========================================================================
Received Import Request.
  Time since last request: 0.000020 seconds.
  path: Assets/Imported Assets/TurtleShip-BuiltInRP/Prefabs/Tree_D.prefab
  artifactKey: Guid(17955a88cef0a8a42b60aa435493ae10) Importer(815301076,1909f56bfc062723c751e8b465ee728b)
Start importing Assets/Imported Assets/TurtleShip-BuiltInRP/Prefabs/Tree_D.prefab using Guid(17955a88cef0a8a42b60aa435493ae10) Importer(815301076,1909f56bfc062723c751e8b465ee728b) [PhysX] Initialized MultithreadedTaskDispatcher with 20 workers.
[PhysX] Initialized MultithreadedTaskDispatcher with 20 workers.
 -> (artifact id: '674df80c982860e777c3c7560333f1c0') in 0.020212 seconds
Number of updated asset objects reloaded before import = 0
Number of asset objects unloaded after import = 12
========================================================================
Received Import Request.
  Time since last request: 0.000019 seconds.
  path: Assets/Imported Assets/TurtleShip-BuiltInRP/Prefabs/Tree_E.prefab
  artifactKey: Guid(ec8b4ea0aef89d145b31dccea096d9cb) Importer(815301076,1909f56bfc062723c751e8b465ee728b)
Start importing Assets/Imported Assets/TurtleShip-BuiltInRP/Prefabs/Tree_E.prefab using Guid(ec8b4ea0aef89d145b31dccea096d9cb) Importer(815301076,1909f56bfc062723c751e8b465ee728b) [PhysX] Initialized MultithreadedTaskDispatcher with 20 workers.
[PhysX] Initialized MultithreadedTaskDispatcher with 20 workers.
 -> (artifact id: '7ca3d9419e95f11e2446b92d990c4e9e') in 0.038496 seconds
Number of updated asset objects reloaded before import = 0
Number of asset objects unloaded after import = 12
========================================================================
Received Import Request.
  Time since last request: 0.000027 seconds.
  path: Assets/Imported Assets/TurtleShip-BuiltInRP/Prefabs/Tree_H.prefab
  artifactKey: Guid(624ea6e4d5e266f418294c77743b61aa) Importer(815301076,1909f56bfc062723c751e8b465ee728b)
Start importing Assets/Imported Assets/TurtleShip-BuiltInRP/Prefabs/Tree_H.prefab using Guid(624ea6e4d5e266f418294c77743b61aa) Importer(815301076,1909f56bfc062723c751e8b465ee728b) [PhysX] Initialized MultithreadedTaskDispatcher with 20 workers.
[PhysX] Initialized MultithreadedTaskDispatcher with 20 workers.
 -> (artifact id: '07c597fe541b79c817fb043398dbff6d') in 0.022070 seconds
Number of updated asset objects reloaded before import = 0
Number of asset objects unloaded after import = 12
========================================================================
Received Import Request.
  Time since last request: 0.000015 seconds.
  path: Assets/Imported Assets/TurtleShip-BuiltInRP/Prefabs/Wagon_A.prefab
  artifactKey: Guid(630e97bd57cb254469e19ad6da2b213c) Importer(815301076,1909f56bfc062723c751e8b465ee728b)
Start importing Assets/Imported Assets/TurtleShip-BuiltInRP/Prefabs/Wagon_A.prefab using Guid(630e97bd57cb254469e19ad6da2b213c) Importer(815301076,1909f56bfc062723c751e8b465ee728b) [PhysX] Initialized MultithreadedTaskDispatcher with 20 workers.
[PhysX] Initialized MultithreadedTaskDispatcher with 20 workers.
 -> (artifact id: 'a82cb69b99b27aac736196e9d3d0e4bb') in 0.022393 seconds
Number of updated asset objects reloaded before import = 0
Number of asset objects unloaded after import = 11
========================================================================
Received Import Request.
  Time since last request: 0.000025 seconds.
  path: Assets/Imported Assets/TurtleShip-BuiltInRP/Prefabs/Wall_A.prefab
  artifactKey: Guid(196498e0d06f4a74bbbb50a4ee5477f4) Importer(815301076,1909f56bfc062723c751e8b465ee728b)
Start importing Assets/Imported Assets/TurtleShip-BuiltInRP/Prefabs/Wall_A.prefab using Guid(196498e0d06f4a74bbbb50a4ee5477f4) Importer(815301076,1909f56bfc062723c751e8b465ee728b) [PhysX] Initialized MultithreadedTaskDispatcher with 20 workers.
[PhysX] Initialized MultithreadedTaskDispatcher with 20 workers.
 -> (artifact id: '4dc487694e7e04110419c98fdd13b6b4') in 0.019004 seconds
Number of updated asset objects reloaded before import = 0
Number of asset objects unloaded after import = 14
========================================================================
Received Import Request.
  Time since last request: 0.700955 seconds.
  path: Assets/Imported Assets/TurtleShip-BuiltInRP/Prefabs/WoodenHarbor_Floor_B.prefab
  artifactKey: Guid(387f0d0fd5ef21e4393ae62eec314b25) Importer(815301076,1909f56bfc062723c751e8b465ee728b)
Start importing Assets/Imported Assets/TurtleShip-BuiltInRP/Prefabs/WoodenHarbor_Floor_B.prefab using Guid(387f0d0fd5ef21e4393ae62eec314b25) Importer(815301076,1909f56bfc062723c751e8b465ee728b) [PhysX] Initialized MultithreadedTaskDispatcher with 20 workers.
[PhysX] Initialized MultithreadedTaskDispatcher with 20 workers.
 -> (artifact id: '490a28ed55c08fda2b152e6a72ff0fde') in 0.012823 seconds
Number of updated asset objects reloaded before import = 0
Number of asset objects unloaded after import = 11
========================================================================
Received Import Request.
  Time since last request: 0.000025 seconds.
  path: Assets/Imported Assets/TurtleShip-BuiltInRP/Prefabs/WoodenHarbor_Frame_C.prefab
  artifactKey: Guid(2208dbc48349f9041ba6748fe981344c) Importer(815301076,1909f56bfc062723c751e8b465ee728b)
Start importing Assets/Imported Assets/TurtleShip-BuiltInRP/Prefabs/WoodenHarbor_Frame_C.prefab using Guid(2208dbc48349f9041ba6748fe981344c) Importer(815301076,1909f56bfc062723c751e8b465ee728b) [PhysX] Initialized MultithreadedTaskDispatcher with 20 workers.
[PhysX] Initialized MultithreadedTaskDispatcher with 20 workers.
 -> (artifact id: '67686c80ca497021e5c0e4d586d9a49d') in 0.012758 seconds
Number of updated asset objects reloaded before import = 0
Number of asset objects unloaded after import = 10
========================================================================
Received Import Request.
  Time since last request: 0.000021 seconds.
  path: Assets/Imported Assets/TurtleShip-BuiltInRP/Prefabs/WoodenHarbor_Frame_B.prefab
  artifactKey: Guid(55a199b3d7ff2344b9eeed49252a1b1b) Importer(815301076,1909f56bfc062723c751e8b465ee728b)
Start importing Assets/Imported Assets/TurtleShip-BuiltInRP/Prefabs/WoodenHarbor_Frame_B.prefab using Guid(55a199b3d7ff2344b9eeed49252a1b1b) Importer(815301076,1909f56bfc062723c751e8b465ee728b) [PhysX] Initialized MultithreadedTaskDispatcher with 20 workers.
[PhysX] Initialized MultithreadedTaskDispatcher with 20 workers.
 -> (artifact id: '64d31e11361ad92030de8efd088cfa9a') in 0.013132 seconds
Number of updated asset objects reloaded before import = 0
Number of asset objects unloaded after import = 10
========================================================================
Received Import Request.
  Time since last request: 0.000024 seconds.
  path: Assets/Imported Assets/TurtleShip-BuiltInRP/Prefabs/WoodenHarbor_Pillars_A.prefab
  artifactKey: Guid(fc51377aea4106a449b56ad60c0935ac) Importer(815301076,1909f56bfc062723c751e8b465ee728b)
Start importing Assets/Imported Assets/TurtleShip-BuiltInRP/Prefabs/WoodenHarbor_Pillars_A.prefab using Guid(fc51377aea4106a449b56ad60c0935ac) Importer(815301076,1909f56bfc062723c751e8b465ee728b) [PhysX] Initialized MultithreadedTaskDispatcher with 20 workers.
[PhysX] Initialized MultithreadedTaskDispatcher with 20 workers.
 -> (artifact id: '4a7dbcba86cd2f4028927983ccb3bf62') in 0.013905 seconds
Number of updated asset objects reloaded before import = 0
Number of asset objects unloaded after import = 10
========================================================================
Received Import Request.
  Time since last request: 0.669705 seconds.
  path: Assets/Imported Assets/TurtleShip-BuiltInRP/Prefabs/WoodFrame_B.prefab
  artifactKey: Guid(ce0d87d802e66df4e8109c0fd70feecf) Importer(815301076,1909f56bfc062723c751e8b465ee728b)
Start importing Assets/Imported Assets/TurtleShip-BuiltInRP/Prefabs/WoodFrame_B.prefab using Guid(ce0d87d802e66df4e8109c0fd70feecf) Importer(815301076,1909f56bfc062723c751e8b465ee728b) [PhysX] Initialized MultithreadedTaskDispatcher with 20 workers.
[PhysX] Initialized MultithreadedTaskDispatcher with 20 workers.
 -> (artifact id: '14be8872c007ca554530eacfc53ff50f') in 0.015398 seconds
Number of updated asset objects reloaded before import = 0
Number of asset objects unloaded after import = 11
========================================================================
Received Import Request.
  Time since last request: 0.000018 seconds.
  path: Assets/Imported Assets/TurtleShip-BuiltInRP/Prefabs/WoodFrame_E.prefab
  artifactKey: Guid(dd19eef15f6197a479949ae91ab88aa1) Importer(815301076,1909f56bfc062723c751e8b465ee728b)
Start importing Assets/Imported Assets/TurtleShip-BuiltInRP/Prefabs/WoodFrame_E.prefab using Guid(dd19eef15f6197a479949ae91ab88aa1) Importer(815301076,1909f56bfc062723c751e8b465ee728b) [PhysX] Initialized MultithreadedTaskDispatcher with 20 workers.
[PhysX] Initialized MultithreadedTaskDispatcher with 20 workers.
 -> (artifact id: '8b9cd7b1fd1c6c77125a26b1e3a4c47d') in 0.019820 seconds
Number of updated asset objects reloaded before import = 0
Number of asset objects unloaded after import = 11
========================================================================
Received Import Request.
  Time since last request: 0.000039 seconds.
  path: Assets/Imported Assets/TurtleShip-BuiltInRP/Prefabs/WoodShelf1F_C.prefab
  artifactKey: Guid(77fe8deb4db265d4f9129c102612e109) Importer(815301076,1909f56bfc062723c751e8b465ee728b)
Start importing Assets/Imported Assets/TurtleShip-BuiltInRP/Prefabs/WoodShelf1F_C.prefab using Guid(77fe8deb4db265d4f9129c102612e109) Importer(815301076,1909f56bfc062723c751e8b465ee728b) [PhysX] Initialized MultithreadedTaskDispatcher with 20 workers.
[PhysX] Initialized MultithreadedTaskDispatcher with 20 workers.
 -> (artifact id: 'fe6200f8b2401e9a7af2a9a563905b02') in 0.015260 seconds
Number of updated asset objects reloaded before import = 0
Number of asset objects unloaded after import = 12
========================================================================
Received Import Request.
  Time since last request: 0.000034 seconds.
  path: Assets/Imported Assets/TurtleShip-BuiltInRP/Prefabs/WoodWall_C.prefab
  artifactKey: Guid(aea665b0ad866a049948249a3ed796a5) Importer(815301076,1909f56bfc062723c751e8b465ee728b)
Start importing Assets/Imported Assets/TurtleShip-BuiltInRP/Prefabs/WoodWall_C.prefab using Guid(aea665b0ad866a049948249a3ed796a5) Importer(815301076,1909f56bfc062723c751e8b465ee728b) [PhysX] Initialized MultithreadedTaskDispatcher with 20 workers.
[PhysX] Initialized MultithreadedTaskDispatcher with 20 workers.
 -> (artifact id: 'fed8e447a838736d235dec09a4067ba4') in 0.018103 seconds
Number of updated asset objects reloaded before import = 0
Number of asset objects unloaded after import = 14
========================================================================
Received Import Request.
  Time since last request: 0.000024 seconds.
  path: Assets/Imported Assets/TurtleShip-BuiltInRP/Prefabs/WoodStair_A.prefab
  artifactKey: Guid(782774f895b08904cb590550cdd4d083) Importer(815301076,1909f56bfc062723c751e8b465ee728b)
Start importing Assets/Imported Assets/TurtleShip-BuiltInRP/Prefabs/WoodStair_A.prefab using Guid(782774f895b08904cb590550cdd4d083) Importer(815301076,1909f56bfc062723c751e8b465ee728b) [PhysX] Initialized MultithreadedTaskDispatcher with 20 workers.
[PhysX] Initialized MultithreadedTaskDispatcher with 20 workers.
 -> (artifact id: '357a91c311d638c87d9069cf51040ab0') in 0.015267 seconds
Number of updated asset objects reloaded before import = 0
Number of asset objects unloaded after import = 11
========================================================================
Received Import Request.
  Time since last request: 0.000030 seconds.
  path: Assets/Imported Assets/TurtleShip-BuiltInRP/Prefabs/WoodWall_F.prefab
  artifactKey: Guid(3547d21fc878f754e9c9c65e79421291) Importer(815301076,1909f56bfc062723c751e8b465ee728b)
Start importing Assets/Imported Assets/TurtleShip-BuiltInRP/Prefabs/WoodWall_F.prefab using Guid(3547d21fc878f754e9c9c65e79421291) Importer(815301076,1909f56bfc062723c751e8b465ee728b) [PhysX] Initialized MultithreadedTaskDispatcher with 20 workers.
[PhysX] Initialized MultithreadedTaskDispatcher with 20 workers.
 -> (artifact id: '8199aaeea4b9111dd59827c08fa7617d') in 0.021776 seconds
Number of updated asset objects reloaded before import = 0
Number of asset objects unloaded after import = 11
========================================================================
Received Import Request.
  Time since last request: 0.000021 seconds.
  path: Assets/Imported Assets/TurtleShip-BuiltInRP/Prefabs/WoodShelf1F_A.prefab
  artifactKey: Guid(d9df8445564605d4f826f365fa00bd4b) Importer(815301076,1909f56bfc062723c751e8b465ee728b)
Start importing Assets/Imported Assets/TurtleShip-BuiltInRP/Prefabs/WoodShelf1F_A.prefab using Guid(d9df8445564605d4f826f365fa00bd4b) Importer(815301076,1909f56bfc062723c751e8b465ee728b) [PhysX] Initialized MultithreadedTaskDispatcher with 20 workers.
[PhysX] Initialized MultithreadedTaskDispatcher with 20 workers.
 -> (artifact id: 'd2d3f6fda7bfcef3b8fabf89db5bc417') in 0.024734 seconds
Number of updated asset objects reloaded before import = 0
Number of asset objects unloaded after import = 12
========================================================================
Received Import Request.
  Time since last request: 32.810909 seconds.
  path: Assets/Imported Assets/TurtleShip-BuiltInRP/Textures/Leaf_B_Particle_BaseColor.png
  artifactKey: Guid(a613ceafb09249d46b106770af6e51c2) Importer(815301076,1909f56bfc062723c751e8b465ee728b)
Start importing Assets/Imported Assets/TurtleShip-BuiltInRP/Textures/Leaf_B_Particle_BaseColor.png using Guid(a613ceafb09249d46b106770af6e51c2) Importer(815301076,1909f56bfc062723c751e8b465ee728b) [PhysX] Initialized MultithreadedTaskDispatcher with 20 workers.
[PhysX] Initialized MultithreadedTaskDispatcher with 20 workers.
 -> (artifact id: '61bd3c2500761ae80061444fc11643e9') in 0.048080 seconds
Number of updated asset objects reloaded before import = 0
Number of asset objects unloaded after import = 2
========================================================================
Received Import Request.
  Time since last request: 0.000438 seconds.
  path: Assets/Imported Assets/TurtleShip-BuiltInRP/Textures/Roof_A_Normal.tga
  artifactKey: Guid(2731cd464808dd24e9cb49fdcd6c2594) Importer(815301076,1909f56bfc062723c751e8b465ee728b)
Start importing Assets/Imported Assets/TurtleShip-BuiltInRP/Textures/Roof_A_Normal.tga using Guid(2731cd464808dd24e9cb49fdcd6c2594) Importer(815301076,1909f56bfc062723c751e8b465ee728b) [PhysX] Initialized MultithreadedTaskDispatcher with 20 workers.
[PhysX] Initialized MultithreadedTaskDispatcher with 20 workers.
 -> (artifact id: '04978669e5bb1183911af670ccb51907') in 0.044128 seconds
Number of updated asset objects reloaded before import = 0
Number of asset objects unloaded after import = 2
========================================================================
Received Import Request.
  Time since last request: 0.000021 seconds.
  path: Assets/Imported Assets/TurtleShip-BuiltInRP/Textures/Stair_A_BaseColor.tga
  artifactKey: Guid(64f06ba6fb1753940ab74463c4944a26) Importer(815301076,1909f56bfc062723c751e8b465ee728b)
Start importing Assets/Imported Assets/TurtleShip-BuiltInRP/Textures/Stair_A_BaseColor.tga using Guid(64f06ba6fb1753940ab74463c4944a26) Importer(815301076,1909f56bfc062723c751e8b465ee728b) [PhysX] Initialized MultithreadedTaskDispatcher with 20 workers.
[PhysX] Initialized MultithreadedTaskDispatcher with 20 workers.
 -> (artifact id: '9282d93e4fbe15397bbc113f3b8da8be') in 0.019754 seconds
Number of updated asset objects reloaded before import = 0
Number of asset objects unloaded after import = 2
========================================================================
Received Import Request.
  Time since last request: 0.000028 seconds.
  path: Assets/Imported Assets/TurtleShip-BuiltInRP/Textures/Tile_A_BaseColor.tga
  artifactKey: Guid(264ce93050aaa4a4d9f6955c738445c1) Importer(815301076,1909f56bfc062723c751e8b465ee728b)
Start importing Assets/Imported Assets/TurtleShip-BuiltInRP/Textures/Tile_A_BaseColor.tga using Guid(264ce93050aaa4a4d9f6955c738445c1) Importer(815301076,1909f56bfc062723c751e8b465ee728b) [PhysX] Initialized MultithreadedTaskDispatcher with 20 workers.
[PhysX] Initialized MultithreadedTaskDispatcher with 20 workers.
 -> (artifact id: '3b72892e408ca93a4d202f49eb21ec0e') in 0.043352 seconds
Number of updated asset objects reloaded before import = 0
Number of asset objects unloaded after import = 2
========================================================================
Received Import Request.
  Time since last request: 0.434107 seconds.
  path: Assets/Imported Assets/TurtleShip-BuiltInRP/Textures/Tree_Trunk_BaseColor.tga
  artifactKey: Guid(3483d7330b4c84d40bb4921c671491a8) Importer(815301076,1909f56bfc062723c751e8b465ee728b)
Start importing Assets/Imported Assets/TurtleShip-BuiltInRP/Textures/Tree_Trunk_BaseColor.tga using Guid(3483d7330b4c84d40bb4921c671491a8) Importer(815301076,1909f56bfc062723c751e8b465ee728b) [PhysX] Initialized MultithreadedTaskDispatcher with 20 workers.
[PhysX] Initialized MultithreadedTaskDispatcher with 20 workers.
 -> (artifact id: '7aaf75fe7737c90a2b88d4ec9b9074c3') in 0.007910 seconds
Number of updated asset objects reloaded before import = 0
Number of asset objects unloaded after import = 2
========================================================================
Received Import Request.
  Time since last request: 0.000023 seconds.
  path: Assets/Imported Assets/TurtleShip-BuiltInRP/Textures/Wagon_A.tga
  artifactKey: Guid(5ede9ba5e049e2844a434e456baa9b29) Importer(815301076,1909f56bfc062723c751e8b465ee728b)
Start importing Assets/Imported Assets/TurtleShip-BuiltInRP/Textures/Wagon_A.tga using Guid(5ede9ba5e049e2844a434e456baa9b29) Importer(815301076,1909f56bfc062723c751e8b465ee728b) [PhysX] Initialized MultithreadedTaskDispatcher with 20 workers.
[PhysX] Initialized MultithreadedTaskDispatcher with 20 workers.
 -> (artifact id: '1e998a824314c4fd5e3237696e487831') in 0.012547 seconds
Number of updated asset objects reloaded before import = 0
Number of asset objects unloaded after import = 2
========================================================================
Received Import Request.
  Time since last request: 0.010248 seconds.
  path: Assets/Imported Assets/TurtleShip-BuiltInRP/Textures/WallTile_A_Normal.tga
  artifactKey: Guid(fbc156584ab569f4abc429a2e1955df0) Importer(815301076,1909f56bfc062723c751e8b465ee728b)
Start importing Assets/Imported Assets/TurtleShip-BuiltInRP/Textures/WallTile_A_Normal.tga using Guid(fbc156584ab569f4abc429a2e1955df0) Importer(815301076,1909f56bfc062723c751e8b465ee728b) [PhysX] Initialized MultithreadedTaskDispatcher with 20 workers.
[PhysX] Initialized MultithreadedTaskDispatcher with 20 workers.
 -> (artifact id: 'cb101047aa8c4bd9938bffadd53864e6') in 0.007802 seconds
Number of updated asset objects reloaded before import = 0
Number of asset objects unloaded after import = 2
========================================================================
Received Import Request.
  Time since last request: 0.001368 seconds.
  path: Assets/Imported Assets/TurtleShip-BuiltInRP/Textures/WoodFence_A.tga
  artifactKey: Guid(cf5c5a7f4841cf340ac4f22efd41e05e) Importer(815301076,1909f56bfc062723c751e8b465ee728b)
Start importing Assets/Imported Assets/TurtleShip-BuiltInRP/Textures/WoodFence_A.tga using Guid(cf5c5a7f4841cf340ac4f22efd41e05e) Importer(815301076,1909f56bfc062723c751e8b465ee728b) [PhysX] Initialized MultithreadedTaskDispatcher with 20 workers.
[PhysX] Initialized MultithreadedTaskDispatcher with 20 workers.
 -> (artifact id: '4de9e1d45c963d38b4310e76e3904dc6') in 0.009281 seconds
Number of updated asset objects reloaded before import = 0
Number of asset objects unloaded after import = 2
========================================================================
Received Import Request.
  Time since last request: 0.000020 seconds.
  path: Assets/Imported Assets/TurtleShip-BuiltInRP/Textures/WoodTile_B_Normal.tga
  artifactKey: Guid(b59b3e3d355438e47a6976fb274dfcd2) Importer(815301076,1909f56bfc062723c751e8b465ee728b)
Start importing Assets/Imported Assets/TurtleShip-BuiltInRP/Textures/WoodTile_B_Normal.tga using Guid(b59b3e3d355438e47a6976fb274dfcd2) Importer(815301076,1909f56bfc062723c751e8b465ee728b) [PhysX] Initialized MultithreadedTaskDispatcher with 20 workers.
[PhysX] Initialized MultithreadedTaskDispatcher with 20 workers.
 -> (artifact id: 'ffcdd4daa870a8380c89568840e7a3c8') in 0.007843 seconds
Number of updated asset objects reloaded before import = 0
Number of asset objects unloaded after import = 2
========================================================================
Received Import Request.
  Time since last request: 0.012294 seconds.
  path: Assets/Imported Assets/TurtleShip-BuiltInRP/Textures/WoodTile_D.tga
  artifactKey: Guid(3a8aea4359473704e9514825adde05de) Importer(815301076,1909f56bfc062723c751e8b465ee728b)
Start importing Assets/Imported Assets/TurtleShip-BuiltInRP/Textures/WoodTile_D.tga using Guid(3a8aea4359473704e9514825adde05de) Importer(815301076,1909f56bfc062723c751e8b465ee728b) [PhysX] Initialized MultithreadedTaskDispatcher with 20 workers.
[PhysX] Initialized MultithreadedTaskDispatcher with 20 workers.
 -> (artifact id: 'e4ffd00e2479eddbb0e4fe1fdf6bbc6f') in 0.014581 seconds
Number of updated asset objects reloaded before import = 0
Number of asset objects unloaded after import = 2
========================================================================
Received Import Request.
  Time since last request: 10.892119 seconds.
  path: Assets/Imported Assets/TurtleShip-BuiltInRP/Materials/cloth.mat
  artifactKey: Guid(cc3868726b0c0bd4d93ca53361ba8c3a) Importer(815301076,1909f56bfc062723c751e8b465ee728b)
Start importing Assets/Imported Assets/TurtleShip-BuiltInRP/Materials/cloth.mat using Guid(cc3868726b0c0bd4d93ca53361ba8c3a) Importer(815301076,1909f56bfc062723c751e8b465ee728b) [PhysX] Initialized MultithreadedTaskDispatcher with 20 workers.
[PhysX] Initialized MultithreadedTaskDispatcher with 20 workers.
 -> (artifact id: '55e6e3bc2e565bb08f05d576cd7577e6') in 0.048589 seconds
Number of updated asset objects reloaded before import = 0
Number of asset objects unloaded after import = 3
========================================================================
Received Import Request.
  Time since last request: 0.000021 seconds.
  path: Assets/Imported Assets/TurtleShip-BuiltInRP/Materials/Leaf_A.mat
  artifactKey: Guid(6d327bcee5664a34cb034eb1a69f05e7) Importer(815301076,1909f56bfc062723c751e8b465ee728b)
Start importing Assets/Imported Assets/TurtleShip-BuiltInRP/Materials/Leaf_A.mat using Guid(6d327bcee5664a34cb034eb1a69f05e7) Importer(815301076,1909f56bfc062723c751e8b465ee728b) [PhysX] Initialized MultithreadedTaskDispatcher with 20 workers.
[PhysX] Initialized MultithreadedTaskDispatcher with 20 workers.
 -> (artifact id: 'e3bfc98adb45853cf2e02708e9e5de2f') in 0.011148 seconds
Number of updated asset objects reloaded before import = 0
Number of asset objects unloaded after import = 2
========================================================================
Received Import Request.
  Time since last request: 0.000014 seconds.
  path: Assets/Imported Assets/TurtleShip-BuiltInRP/Materials/Flower_A_01.mat
  artifactKey: Guid(e34a3352128927240acbf8071a6f729f) Importer(815301076,1909f56bfc062723c751e8b465ee728b)
Start importing Assets/Imported Assets/TurtleShip-BuiltInRP/Materials/Flower_A_01.mat using Guid(e34a3352128927240acbf8071a6f729f) Importer(815301076,1909f56bfc062723c751e8b465ee728b) [PhysX] Initialized MultithreadedTaskDispatcher with 20 workers.
[PhysX] Initialized MultithreadedTaskDispatcher with 20 workers.
 -> (artifact id: 'c53418e10510ca2d781fafbb3cabd0ef') in 0.013564 seconds
Number of updated asset objects reloaded before import = 0
Number of asset objects unloaded after import = 3
========================================================================
Received Import Request.
  Time since last request: 0.000018 seconds.
  path: Assets/Imported Assets/TurtleShip-BuiltInRP/Materials/Flag_A.mat
  artifactKey: Guid(d7948338c1e7deb49ae8e3221c62b973) Importer(815301076,1909f56bfc062723c751e8b465ee728b)
Start importing Assets/Imported Assets/TurtleShip-BuiltInRP/Materials/Flag_A.mat using Guid(d7948338c1e7deb49ae8e3221c62b973) Importer(815301076,1909f56bfc062723c751e8b465ee728b) [PhysX] Initialized MultithreadedTaskDispatcher with 20 workers.
[PhysX] Initialized MultithreadedTaskDispatcher with 20 workers.
 -> (artifact id: 'b99b12d02026365a3f85ef484f4695d3') in 0.061055 seconds
Number of updated asset objects reloaded before import = 0
Number of asset objects unloaded after import = 3
========================================================================
Received Import Request.
  Time since last request: 0.000023 seconds.
  path: Assets/Imported Assets/TurtleShip-BuiltInRP/Materials/Leaf_B_Particle_BaseColor.mat
  artifactKey: Guid(511ee8ccb21d585498dbadb7603d387a) Importer(815301076,1909f56bfc062723c751e8b465ee728b)
Start importing Assets/Imported Assets/TurtleShip-BuiltInRP/Materials/Leaf_B_Particle_BaseColor.mat using Guid(511ee8ccb21d585498dbadb7603d387a) Importer(815301076,1909f56bfc062723c751e8b465ee728b) [PhysX] Initialized MultithreadedTaskDispatcher with 20 workers.
[PhysX] Initialized MultithreadedTaskDispatcher with 20 workers.
 -> (artifact id: '4e2fe7f1ab9468593dab7f555eb1becc') in 0.012091 seconds
Number of updated asset objects reloaded before import = 0
Number of asset objects unloaded after import = 2
========================================================================
Received Import Request.
  Time since last request: 0.000023 seconds.
  path: Assets/Imported Assets/TurtleShip-BuiltInRP/Materials/Hanok Props.mat
  artifactKey: Guid(7f81a5fbbbea08e468630031692903f4) Importer(815301076,1909f56bfc062723c751e8b465ee728b)
Start importing Assets/Imported Assets/TurtleShip-BuiltInRP/Materials/Hanok Props.mat using Guid(7f81a5fbbbea08e468630031692903f4) Importer(815301076,1909f56bfc062723c751e8b465ee728b) [PhysX] Initialized MultithreadedTaskDispatcher with 20 workers.
[PhysX] Initialized MultithreadedTaskDispatcher with 20 workers.
 -> (artifact id: '35bb08f2f8563529abf3fb5713d01d96') in 0.024906 seconds
Number of updated asset objects reloaded before import = 0
Number of asset objects unloaded after import = 3
========================================================================
Received Import Request.
  Time since last request: 0.000020 seconds.
  path: Assets/Imported Assets/TurtleShip-BuiltInRP/Materials/Landscape.mat
  artifactKey: Guid(f96c2b00c9b69ae4fa6beabf8ce57683) Importer(815301076,1909f56bfc062723c751e8b465ee728b)
Start importing Assets/Imported Assets/TurtleShip-BuiltInRP/Materials/Landscape.mat using Guid(f96c2b00c9b69ae4fa6beabf8ce57683) Importer(815301076,1909f56bfc062723c751e8b465ee728b) [PhysX] Initialized MultithreadedTaskDispatcher with 20 workers.
[PhysX] Initialized MultithreadedTaskDispatcher with 20 workers.
 -> (artifact id: '6025251d3702175d2e9799186082985c') in 0.013540 seconds
Number of updated asset objects reloaded before import = 0
Number of asset objects unloaded after import = 1
========================================================================
Received Import Request.
  Time since last request: 0.000026 seconds.
  path: Assets/Imported Assets/TurtleShip-BuiltInRP/Materials/HanokCeiling_A.mat
  artifactKey: Guid(43b3910eb2a30c143a7303f6d7313df8) Importer(815301076,1909f56bfc062723c751e8b465ee728b)
Start importing Assets/Imported Assets/TurtleShip-BuiltInRP/Materials/HanokCeiling_A.mat using Guid(43b3910eb2a30c143a7303f6d7313df8) Importer(815301076,1909f56bfc062723c751e8b465ee728b) [PhysX] Initialized MultithreadedTaskDispatcher with 20 workers.
[PhysX] Initialized MultithreadedTaskDispatcher with 20 workers.
 -> (artifact id: 'e43a9f8b2baa90102c43565018863023') in 0.021098 seconds
Number of updated asset objects reloaded before import = 0
Number of asset objects unloaded after import = 2
========================================================================
Received Import Request.
  Time since last request: 0.000018 seconds.
  path: Assets/Imported Assets/TurtleShip-BuiltInRP/Materials/Leaf_C.mat
  artifactKey: Guid(67af10272604c664896a85919fb36983) Importer(815301076,1909f56bfc062723c751e8b465ee728b)
Start importing Assets/Imported Assets/TurtleShip-BuiltInRP/Materials/Leaf_C.mat using Guid(67af10272604c664896a85919fb36983) Importer(815301076,1909f56bfc062723c751e8b465ee728b) [PhysX] Initialized MultithreadedTaskDispatcher with 20 workers.
[PhysX] Initialized MultithreadedTaskDispatcher with 20 workers.
 -> (artifact id: 'f67dcbdc7900f1fdfb667167084d12fc') in 0.015850 seconds
Number of updated asset objects reloaded before import = 0
Number of asset objects unloaded after import = 2
========================================================================
Received Import Request.
  Time since last request: 0.791748 seconds.
  path: Assets/Imported Assets/TurtleShip-BuiltInRP/MeshAssets/um_19574.asset
  artifactKey: Guid(84c147252f07c8c4fa45ecb9ff915c25) Importer(815301076,1909f56bfc062723c751e8b465ee728b)
Start importing Assets/Imported Assets/TurtleShip-BuiltInRP/MeshAssets/um_19574.asset using Guid(84c147252f07c8c4fa45ecb9ff915c25) Importer(815301076,1909f56bfc062723c751e8b465ee728b) [PhysX] Initialized MultithreadedTaskDispatcher with 20 workers.
[PhysX] Initialized MultithreadedTaskDispatcher with 20 workers.
 -> (artifact id: '57f2d50422accdbc056d8885a0829440') in 0.019799 seconds
Number of updated asset objects reloaded before import = 0
Number of asset objects unloaded after import = 2
========================================================================
Received Import Request.
  Time since last request: 0.000021 seconds.
  path: Assets/Imported Assets/TurtleShip-BuiltInRP/MeshAssets/um_260972.asset
  artifactKey: Guid(19e4f74c84699124b8ad9aeafe1e5038) Importer(815301076,1909f56bfc062723c751e8b465ee728b)
Start importing Assets/Imported Assets/TurtleShip-BuiltInRP/MeshAssets/um_260972.asset using Guid(19e4f74c84699124b8ad9aeafe1e5038) Importer(815301076,1909f56bfc062723c751e8b465ee728b) [PhysX] Initialized MultithreadedTaskDispatcher with 20 workers.
[PhysX] Initialized MultithreadedTaskDispatcher with 20 workers.
 -> (artifact id: '46d3d82911919f2fd41122d44a85172e') in 0.007705 seconds
Number of updated asset objects reloaded before import = 0
Number of asset objects unloaded after import = 2
========================================================================
Received Import Request.
  Time since last request: 0.000019 seconds.
  path: Assets/Imported Assets/TurtleShip-BuiltInRP/MeshAssets/um_269732.asset
  artifactKey: Guid(468f14bd3290f0a4992e82486a4fe881) Importer(815301076,1909f56bfc062723c751e8b465ee728b)
Start importing Assets/Imported Assets/TurtleShip-BuiltInRP/MeshAssets/um_269732.asset using Guid(468f14bd3290f0a4992e82486a4fe881) Importer(815301076,1909f56bfc062723c751e8b465ee728b) [PhysX] Initialized MultithreadedTaskDispatcher with 20 workers.
[PhysX] Initialized MultithreadedTaskDispatcher with 20 workers.
 -> (artifact id: 'a139a71d69cc19e4ae00734e5ba82605') in 0.008725 seconds
Number of updated asset objects reloaded before import = 0
Number of asset objects unloaded after import = 2
========================================================================
Received Import Request.
  Time since last request: 0.000021 seconds.
  path: Assets/Imported Assets/TurtleShip-BuiltInRP/MeshAssets/um_24374.asset
  artifactKey: Guid(c7e0b8b0edb699a4b872ed077e05c347) Importer(815301076,1909f56bfc062723c751e8b465ee728b)
Start importing Assets/Imported Assets/TurtleShip-BuiltInRP/MeshAssets/um_24374.asset using Guid(c7e0b8b0edb699a4b872ed077e05c347) Importer(815301076,1909f56bfc062723c751e8b465ee728b) [PhysX] Initialized MultithreadedTaskDispatcher with 20 workers.
[PhysX] Initialized MultithreadedTaskDispatcher with 20 workers.
 -> (artifact id: '1662307e065dc40d7f305e9c08fcb4f0') in 0.008032 seconds
Number of updated asset objects reloaded before import = 0
Number of asset objects unloaded after import = 2
========================================================================
Received Import Request.
  Time since last request: 0.000023 seconds.
  path: Assets/Imported Assets/TurtleShip-BuiltInRP/MeshAssets/um_286614.asset
  artifactKey: Guid(9d7ed2b06b17cfc4e9bdfb8f64a8437a) Importer(815301076,1909f56bfc062723c751e8b465ee728b)
Start importing Assets/Imported Assets/TurtleShip-BuiltInRP/MeshAssets/um_286614.asset using Guid(9d7ed2b06b17cfc4e9bdfb8f64a8437a) Importer(815301076,1909f56bfc062723c751e8b465ee728b) [PhysX] Initialized MultithreadedTaskDispatcher with 20 workers.
[PhysX] Initialized MultithreadedTaskDispatcher with 20 workers.
 -> (artifact id: '33495372e52f9f0cb61f193e22433d29') in 0.008671 seconds
Number of updated asset objects reloaded before import = 0
Number of asset objects unloaded after import = 2
Editor requested this worker to shutdown with reason: Scaling down because of idle timeout
TcpMessagingSession - receive error: operation aborted. errorcode: 995, details:        I/O  .
AssetImportWorker is now disconnected from the server
Process exiting
Exiting without the bug reporter. Application will terminate with return code 0